SF:lib\data\src\data_source\auth\auth_data_source.dart
DA:8,0
DA:10,0
DA:13,0
DA:14,0
DA:15,0
DA:19,0
DA:21,0
DA:24,0
DA:25,0
DA:26,0
DA:27,0
DA:31,0
DA:33,0
DA:34,0
DA:35,0
LF:15
LH:0
end_of_record
SF:lib\data\src\remote\config\api.dart
DA:9,0
DA:10,0
DA:13,0
DA:14,0
DA:19,0
DA:23,0
DA:27,0
DA:28,0
DA:29,0
DA:30,0
DA:32,0
DA:34,0
DA:40,0
DA:41,0
DA:42,0
DA:43,0
DA:45,0
DA:48,0
DA:50,0
DA:51,0
DA:52,0
DA:53,0
LF:22
LH:0
end_of_record
SF:lib\data\src\repositories\auth_repository_impl.dart
DA:9,1
DA:11,0
DA:15,0
DA:16,0
DA:17,0
DA:18,0
DA:22,0
DA:25,0
DA:26,0
DA:27,0
DA:28,0
DA:32,0
DA:35,0
DA:37,0
DA:38,0
LF:15
LH:1
end_of_record
SF:lib\dependencies_injection\injector.dart
DA:9,3
DA:10,1
DA:11,1
DA:12,1
DA:15,4
DA:28,1
DA:29,1
DA:32,1
DA:33,1
LF:9
LH:9
end_of_record
SF:lib\dependencies_injection\injector.g.dart
DA:10,1
DA:12,1
DA:14,3
DA:15,1
DA:16,3
DA:17,1
DA:18,3
DA:19,1
DA:20,3
DA:21,1
DA:22,3
LF:11
LH:11
end_of_record
SF:lib\domain\src\config\helpers\errors\invalid_data.dart
DA:4,0
LF:1
LH:0
end_of_record
SF:lib\domain\src\config\helpers\form_submission_status.dart
DA:2,2
DA:6,2
DA:14,0
LF:3
LH:2
end_of_record
SF:lib\domain\src\entities\user_entity.dart
DA:2,0
LF:1
LH:0
end_of_record
SF:lib\domain\src\use_cases\auth\login_use_case.dart
DA:7,1
DA:11,0
DA:13,0
LF:3
LH:1
end_of_record
SF:lib\domain\src\use_cases\auth\logout_use_case.dart
DA:6,1
DA:10,0
DA:11,0
LF:3
LH:1
end_of_record
SF:lib\domain\src\use_cases\auth\signup_use_case.dart
DA:7,1
DA:11,0
DA:13,0
LF:3
LH:1
end_of_record
SF:lib\presentation\src\widgets\common_widgets\text_form_widgets.dart
DA:6,1
DA:23,1
DA:41,1
DA:43,2
DA:45,1
DA:46,3
DA:47,1
DA:49,1
DA:51,1
DA:53,1
DA:54,1
DA:55,2
DA:56,1
DA:57,1
DA:58,1
DA:61,1
DA:62,0
DA:63,0
DA:67,1
DA:68,1
DA:70,1
DA:71,1
DA:72,1
DA:75,1
DA:77,2
DA:92,1
DA:93,1
DA:96,1
DA:103,3
DA:104,1
DA:106,1
DA:108,1
DA:109,1
DA:110,1
LF:34
LH:32
end_of_record
SF:lib\presentation\src\features\auth\bloc\auth_state.dart
DA:5,4
DA:19,0
DA:26,0
DA:27,0
DA:28,0
DA:29,0
DA:30,0
DA:31,0
DA:33,0
LF:9
LH:1
end_of_record
SF:lib\presentation\src\features\auth\bloc\auth_bloc.dart
DA:10,2
DA:11,2
DA:12,2
DA:13,2
DA:15,1
DA:16,0
DA:17,0
DA:18,0
DA:19,0
DA:20,0
DA:21,0
DA:22,0
DA:25,0
DA:26,0
DA:27,0
DA:33,1
DA:34,0
DA:35,0
DA:36,0
DA:37,0
DA:38,0
DA:39,0
DA:40,0
DA:42,0
DA:43,0
DA:44,0
DA:50,1
DA:51,0
DA:52,0
DA:53,0
DA:54,0
DA:55,0
DA:56,0
DA:57,0
DA:60,0
DA:61,0
DA:62,0
LF:37
LH:7
end_of_record
SF:lib\presentation\src\features\auth\bloc\auth_event.dart
DA:9,0
DA:15,0
DA:19,0
LF:3
LH:0
end_of_record
SF:lib\presentation\src\features\auth\screens\sign_screen.dart
DA:5,3
DA:7,1
DA:8,1
DA:13,1
DA:15,2
DA:16,1
DA:17,0
DA:18,1
DA:19,1
DA:20,1
DA:21,3
DA:22,1
DA:25,1
DA:26,1
DA:27,5
DA:29,1
DA:30,1
DA:38,1
DA:39,2
DA:41,1
DA:42,1
DA:46,1
DA:47,2
DA:49,2
DA:50,2
DA:59,1
DA:60,2
DA:62,1
DA:64,1
DA:65,5
LF:30
LH:29
end_of_record
SF:lib\presentation\src\features\auth\views\auth_handler_view.dart
DA:6,0
DA:8,0
DA:10,0
DA:12,0
DA:13,0
DA:14,0
DA:19,0
LF:7
LH:0
end_of_record
SF:lib\presentation\src\features\auth\widgets\loading_widget.dart
DA:4,2
DA:6,0
DA:8,0
LF:3
LH:1
end_of_record
SF:lib\presentation\src\features\auth\widgets\login_form_widget.dart
DA:7,2
DA:9,0
DA:11,1
DA:12,1
DA:22,1
DA:24,1
DA:25,2
DA:26,1
DA:28,1
DA:29,1
DA:30,1
DA:31,1
DA:32,1
DA:34,1
DA:40,1
DA:41,2
DA:43,1
DA:45,1
DA:46,0
DA:47,0
DA:51,1
DA:52,2
DA:59,1
DA:60,2
DA:62,1
DA:65,1
DA:66,1
DA:67,1
DA:69,1
DA:70,1
DA:75,0
DA:77,0
DA:78,0
DA:83,1
DA:84,2
DA:86,1
DA:87,0
DA:88,0
DA:89,0
DA:90,0
DA:94,1
DA:95,2
DA:98,1
DA:101,0
DA:102,0
DA:103,0
DA:104,0
DA:110,1
DA:111,2
DA:121,1
DA:123,2
DA:124,2
DA:125,1
LF:53
LH:39
end_of_record
SF:lib\presentation\src\features\auth\widgets\signup_form_widget.dart
DA:7,2
DA:9,0
DA:11,1
DA:12,1
DA:22,1
DA:24,1
DA:25,2
DA:26,1
DA:28,1
DA:29,1
DA:30,1
DA:31,1
DA:32,1
DA:34,1
DA:40,1
DA:41,2
DA:43,1
DA:44,1
DA:45,0
DA:46,0
DA:50,1
DA:51,2
DA:58,1
DA:59,2
DA:61,1
DA:63,1
DA:65,0
DA:66,0
DA:70,1
DA:71,2
DA:78,1
DA:79,2
DA:81,1
DA:83,1
DA:85,0
DA:86,0
DA:88,0
DA:92,1
DA:93,2
DA:95,1
DA:96,0
DA:97,0
DA:98,0
DA:99,0
DA:103,1
DA:104,2
DA:107,1
DA:109,0
DA:110,0
DA:111,0
DA:112,0
DA:118,1
DA:119,2
DA:129,1
DA:131,2
DA:132,2
DA:133,2
DA:134,1
LF:58
LH:42
end_of_record
SF:lib\presentation\src\features\home\screens\home_screen.dart
DA:7,2
DA:11,0
DA:12,0
DA:18,0
DA:19,0
DA:20,0
DA:24,0
DA:26,0
DA:27,0
DA:28,0
DA:30,0
DA:31,0
DA:32,0
DA:33,0
DA:37,0
DA:39,0
DA:41,0
DA:46,0
DA:47,0
DA:49,0
DA:54,0
DA:56,0
LF:22
LH:1
end_of_record
SF:lib\presentation\src\utils\regexp.dart
DA:1,3
DA:3,3
DA:5,3
DA:8,3
LF:4
LH:4
end_of_record
SF:lib\presentation\src\widgets\common_widgets\large_button.dart
DA:5,1
DA:16,1
DA:28,1
DA:30,2
DA:32,1
DA:33,1
DA:34,1
DA:35,3
DA:36,1
DA:37,1
DA:38,1
DA:39,1
DA:41,1
DA:42,1
DA:44,1
DA:45,1
DA:47,1
DA:48,1
DA:49,1
DA:50,1
DA:51,1
LF:21
LH:21
end_of_record
SF:lib\presentation\src\widgets\common_widgets\text_widget.dart
DA:5,7
DA:13,1
DA:22,1
DA:24,1
DA:25,1
DA:26,1
DA:27,1
DA:28,1
DA:29,1
DA:30,1
DA:34,1
DA:35,1
LF:12
LH:12
end_of_record
